<?xml version="1.0" encoding="utf-8"?><testsuites name="pytest tests"><testsuite name="pytest" errors="0" failures="0" skipped="0" tests="23" time="2.380" timestamp="2026-05-23T18:47:12.362349+00:00" hostname="agent-env-dafe3d79-9c8a-4db0-91c9-9a68529e1840"><testcase classname="backend.tests.test_flowcrm_backend.TestAuth" name="test_login_returns_token_and_sets_cookies" time="0.234" /><testcase classname="backend.tests.test_flowcrm_backend.TestAuth" name="test_login_invalid_credentials" time="0.229" /><testcase classname="backend.tests.test_flowcrm_backend.TestAuth" name="test_me_with_bearer" time="0.238" /><testcase classname="backend.tests.test_flowcrm_backend.TestAuth" name="test_me_with_cookies" time="0.235" /><testcase classname="backend.tests.test_flowcrm_backend.TestAuth" name="test_me_unauthenticated" time="0.001" /><testcase classname="backend.tests.test_flowcrm_backend.TestAuth" name="test_register_creates_user_returns_token" time="0.234" /><testcase classname="backend.tests.test_flowcrm_backend.TestSeededData" name="test_companies_count" time="0.003" /><testcase classname="backend.tests.test_flowcrm_backend.TestSeededData" name="test_deals_count" time="0.003" /><testcase classname="backend.tests.test_flowcrm_backend.TestSeededData" name="test_activities_count" time="0.004" /><testcase classname="backend.tests.test_flowcrm_backend.TestSeededData" name="test_automations_count" time="0.002" /><testcase classname="backend.tests.test_flowcrm_backend.TestSeededData" name="test_users_listed" time="0.002" /><testcase classname="backend.tests.test_flowcrm_backend.TestSeededData" name="test_auth_required_on_resources" time="0.006" /><testcase classname="backend.tests.test_flowcrm_backend.TestDashboard" name="test_dashboard_stats" time="0.004" /><testcase classname="backend.tests.test_flowcrm_backend.TestCompanies" name="test_create_get_update_delete" time="0.014" /><testcase classname="backend.tests.test_flowcrm_backend.TestContacts" name="test_crud" time="0.012" /><testcase classname="backend.tests.test_flowcrm_backend.TestContacts" name="test_export_csv" time="0.005" /><testcase classname="backend.tests.test_flowcrm_backend.TestContacts" name="test_import_csv" time="0.003" /><testcase classname="backend.tests.test_flowcrm_backend.TestDeals" name="test_filters" time="0.005" /><testcase classname="backend.tests.test_flowcrm_backend.TestDeals" name="test_create_triggers_welcome_automation" time="0.514" /><testcase classname="backend.tests.test_flowcrm_backend.TestDeals" name="test_stage_change_to_closed_won_triggers_followup" time="0.519" /><testcase classname="backend.tests.test_flowcrm_backend.TestDeals" name="test_export_csv" time="0.003" /><testcase classname="backend.tests.test_flowcrm_backend.TestActivities" name="test_crud" time="0.009" /><testcase classname="backend.tests.test_flowcrm_backend.TestAutomations" name="test_crud" time="0.009" /></testsuite></testsuites>